<?xml version="1.0" encoding="UTF-8"?>
<!-- Generated by org.testng.reporters.JUnitReportReporter -->
<testsuite hostname="LAPTOP-GGK7IJFF" failures="0" tests="1" name="com.nopcommerce.testcases.TC_LoginTest_001" time="14.040" errors="0" timestamp="2022-07-18T15:06:31 IST" skipped="0">
  <testcase classname="com.nopcommerce.testcases.TC_LoginTest_001" name="loginTest" time="14.040"/>
  <system-out/>
</testsuite> <!-- com.nopcommerce.testcases.TC_LoginTest_001 -->
