<?xml version="1.0" encoding="UTF-8"?>
<!-- Generated by org.testng.reporters.JUnitReportReporter -->
<testsuite hostname="LAPTOP-GGK7IJFF" failures="0" tests="1" name="com.nopcommerce.testcases.TC_AddCustomerTest_003" time="19.250" errors="0" timestamp="2022-07-18T15:31:50 IST" skipped="0">
  <testcase classname="com.nopcommerce.testcases.TC_AddCustomerTest_003" name="addNewCustomer" time="19.250"/>
  <system-out/>
</testsuite> <!-- com.nopcommerce.testcases.TC_AddCustomerTest_003 -->
