<?xml version="1.0" encoding="UTF-8"?>
<!-- Generated by org.testng.reporters.JUnitReportReporter -->
<testsuite hostname="LAPTOP-GGK7IJFF" failures="0" tests="4" name="com.nopcommerce.testcases.TC_LoginDDT_002" time="72.213" errors="0" timestamp="2022-07-18T15:38:35 IST" skipped="0">
  <testcase classname="com.nopcommerce.testcases.TC_LoginDDT_002" name="loginTest" time="19.495"/>
  <system-out/>
  <testcase classname="com.nopcommerce.testcases.TC_LoginDDT_002" name="loginTest" time="17.418"/>
  <system-out/>
  <testcase classname="com.nopcommerce.testcases.TC_LoginDDT_002" name="loginTest" time="16.995"/>
  <system-out/>
  <testcase classname="com.nopcommerce.testcases.TC_LoginDDT_002" name="loginTest" time="18.305"/>
  <system-out/>
</testsuite> <!-- com.nopcommerce.testcases.TC_LoginDDT_002 -->
