<?xml version="1.0" encoding="UTF-8"?>
<!-- Generated by org.testng.reporters.JUnitReportReporter -->
<testsuite hostname="LAPTOP-GGK7IJFF" failures="0" tests="1" name="com.nopcommerce.testcases.TC_AddCustomerTest_003" time="18.064" errors="0" timestamp="2022-07-19T17:36:01 IST" skipped="0">
  <testcase classname="com.nopcommerce.testcases.TC_AddCustomerTest_003" name="addNewCustomer" time="18.064"/>
  <system-out/>
</testsuite> <!-- com.nopcommerce.testcases.TC_AddCustomerTest_003 -->
